/*C2*/SET SCHEMA PUBLIC
DELETE FROM "mendixsystem$version" WHERE "versionnumber"='4.2'
INSERT INTO "mendixsystem$version" VALUES('4.2','2022-02-19 11:52:26.882000','4.1.0','unversioned','CustomSignUp','9.6.6.34474')
COMMIT
DELETE FROM "mendixsystem$entityidentifier" WHERE "id"='d4154981-8dac-4150-aec5-efa3ef62a7a2'
INSERT INTO "mendixsystem$entityidentifier" VALUES('d4154981-8dac-4150-aec5-efa3ef62a7a2',4,901)
COMMIT
INSERT INTO "system$xasinstance" VALUES(1125899906843425,'9fe85777-5423-488f-8569-6cdbfe403fa1','2022-02-19 19:58:04.109000',NULL,NULL,NULL,'2022-02-19 19:58:04.103000')
COMMIT
DELETE FROM "system$userrole" WHERE "id"=4222124650659841
INSERT INTO "system$userrole" VALUES(4222124650659841,'8dd52bfa-6d7e-453b-b506-303c0a3d9567','Administrator','')
DELETE FROM "system$userrole" WHERE "id"=4222124650659842
INSERT INTO "system$userrole" VALUES(4222124650659842,'53f5d6fa-6da9-4a71-b011-454ec052cce8','User','')
DELETE FROM "system$userrole" WHERE "id"=4222124650659843
INSERT INTO "system$userrole" VALUES(4222124650659843,'a0085a8e-2cc6-4f01-b423-80424c160f5b','Anon','')
COMMIT
/*C3*/SET SCHEMA PUBLIC
DELETE FROM "system$user" WHERE "id"=5066549580791809
INSERT INTO "system$user" VALUES(5066549580791809,'demo_administrator','{BCrypt}$2a$10$9vGDSdfWBYgmszvRV8SCyeeG3Aj0IAX46OFvmw488Y9pX9aMIa8fW',NULL,FALSE,TRUE,0,FALSE,FALSE,'2022-02-19 16:52:27.719000','2022-02-19 16:52:27.719000','Administration.Account',NULL,5066549580791809)
COMMIT
DELETE FROM "system$user" WHERE "id"=5066549580791810
INSERT INTO "system$user" VALUES(5066549580791810,'demo_user','{BCrypt}$2a$10$Pkd/SO.pubd6CfrLQTViA.tTuExUAbn9pWq4DgGlsdaQbIzMzP5EG',NULL,FALSE,TRUE,0,FALSE,FALSE,'2022-02-19 16:52:27.853000','2022-02-19 16:52:27.853000','Administration.Account',NULL,5066549580791810)
COMMIT
DELETE FROM "mendixsystem$properties" WHERE "key"='Mendix.Runtime.DeploymentID'
INSERT INTO "mendixsystem$properties" VALUES('Mendix.Runtime.DeploymentID','637808794742027334')
COMMIT
DELETE FROM "system$session" WHERE "id"=10696049115005629
DELETE FROM "system$session_user" WHERE "system$sessionid"=10696049115005629 AND "system$userid"=562949953422013
COMMIT
/*C10*/SET SCHEMA PUBLIC
DELETE FROM "system$user" WHERE "id"=562949953421313
INSERT INTO "system$user" VALUES(562949953421313,'MxAdmin','{BCrypt}$2a$10$BOEJWX5WXvJccHj1Uv/uxe8poucfVlJqfMDzWJctOwgQLMp7NkFgq','2022-02-19 18:53:38.064000',FALSE,TRUE,0,FALSE,FALSE,'2022-02-19 16:52:28.489000','2022-02-19 16:52:28.489000','System.User',NULL,562949953421313)
COMMIT
DELETE FROM "system$xasinstance" WHERE "id"=1125899906843425
INSERT INTO "system$xasinstance" VALUES(1125899906843425,'9fe85777-5423-488f-8569-6cdbfe403fa1','2022-02-19 19:58:05.712000',NULL,NULL,NULL,'2022-02-19 19:58:04.103000')
COMMIT
/*C3*/DELETE FROM "mendixsystem$entityidentifier" WHERE "id"='282e2e60-88a5-469d-84a5-ba8d9151644f'
INSERT INTO "mendixsystem$entityidentifier" VALUES('282e2e60-88a5-469d-84a5-ba8d9151644f',2,901)
COMMIT
INSERT INTO "system$user" VALUES(562949953422113,'Anonymous_b8d6407c-99c4-4b1a-be68-9070a15ad1ec','{BCrypt}$2a$10$dycFKKMEdC.CzEvZgBqWPOiWz9opgimgQsNm0yt81cTLxBn5LuDZq','2022-02-19 19:58:06.123000',FALSE,TRUE,0,FALSE,TRUE,'2022-02-19 19:58:06.053000','2022-02-19 19:58:06.053000','System.User',NULL,562949953422113)
INSERT INTO "system$userroles" VALUES(562949953422113,4222124650659843)
INSERT INTO "system$user_language" VALUES(562949953422113,11821949021847553)
COMMIT
DELETE FROM "system$user" WHERE "id"=562949953422113
INSERT INTO "system$user" VALUES(562949953422113,'Anonymous_b8d6407c-99c4-4b1a-be68-9070a15ad1ec','{BCrypt}$2a$10$dycFKKMEdC.CzEvZgBqWPOiWz9opgimgQsNm0yt81cTLxBn5LuDZq','2022-02-19 19:58:06.142000',FALSE,TRUE,0,FALSE,TRUE,'2022-02-19 19:58:06.053000','2022-02-19 19:58:06.053000','System.User',NULL,562949953422113)
COMMIT
/*C7*/SET SCHEMA PUBLIC
DELETE FROM "mendixsystem$entityidentifier" WHERE "id"='37f9fd49-5318-4c63-9a51-f761779b202f'
INSERT INTO "mendixsystem$entityidentifier" VALUES('37f9fd49-5318-4c63-9a51-f761779b202f',38,901)
COMMIT
INSERT INTO "system$session" VALUES(10696049115005729,'a576de02-9541-4280-bb79-3cf2ba1519d0','808c65f9-5525-4dd2-ac4f-d4e9e4773a3f','2022-02-19 19:58:06.175000',FALSE,'30d4529c-7255-4169-bc22-0adbf72c3edc',NULL,'2022-02-19 19:58:06.175000')
INSERT INTO "system$session_user" VALUES(10696049115005729,562949953422113)
COMMIT
DELETE FROM "system$session" WHERE "id"=10696049115005729
INSERT INTO "system$session" VALUES(10696049115005729,'a576de02-9541-4280-bb79-3cf2ba1519d0','808c65f9-5525-4dd2-ac4f-d4e9e4773a3f','2022-02-19 19:58:06.183000',FALSE,'30d4529c-7255-4169-bc22-0adbf72c3edc',NULL,'2022-02-19 19:58:06.175000')
COMMIT
/*C2*/DELETE FROM "system$user" WHERE "id"=5066549580791909
INSERT INTO "system$user" VALUES(5066549580791909,'bgriggs','{BCrypt}$2a$10$fCG47wK6cvdiT8QfTTaWjed.ywPClb2crVrLzqjwc/QDcohqmFh.i','2022-02-19 19:58:30.394000',FALSE,TRUE,0,FALSE,FALSE,'2022-02-19 18:51:00.413000','2022-02-19 18:51:00.483000','Administration.Account',562949953421713,5066549580791909)
COMMIT
/*C3*/DELETE FROM "system$session_user" WHERE "system$sessionid"=10696049115005729 AND "system$userid"=562949953422113
INSERT INTO "system$session_user" VALUES(10696049115005729,5066549580791909)
COMMIT
/*C2*/DELETE FROM "system$user" WHERE "id"=562949953422113
DELETE FROM "system$userroles" WHERE "system$userid"=562949953422113 AND "system$userroleid"=4222124650659843
DELETE FROM "system$user_language" WHERE "system$userid"=562949953422113 AND "system$languageid"=11821949021847553
COMMIT
DELETE FROM "system$session" WHERE "id"=10696049115005729
INSERT INTO "system$session" VALUES(10696049115005729,'02f0c945-3bae-48a8-baf2-a990e3069e19','808c65f9-5525-4dd2-ac4f-d4e9e4773a3f','2022-02-19 19:58:06.183000',FALSE,'30d4529c-7255-4169-bc22-0adbf72c3edc',NULL,'2022-02-19 19:58:06.175000')
COMMIT
DELETE FROM "system$session" WHERE "id"=10696049115005729
INSERT INTO "system$session" VALUES(10696049115005729,'02f0c945-3bae-48a8-baf2-a990e3069e19','808c65f9-5525-4dd2-ac4f-d4e9e4773a3f','2022-02-19 19:58:31.103000',FALSE,'30d4529c-7255-4169-bc22-0adbf72c3edc',NULL,'2022-02-19 19:58:06.175000')
COMMIT
DELETE FROM "system$session" WHERE "id"=10696049115005729
DELETE FROM "system$session_user" WHERE "system$sessionid"=10696049115005729 AND "system$userid"=5066549580791909
COMMIT
INSERT INTO "system$user" VALUES(562949953422114,'Anonymous_4477b675-018e-4f3d-bfe3-bcd3b6889d37','{BCrypt}$2a$10$/pvsAy9nmgz50w.2WCTgYOaTOuSbZll1xicap4oVhiCCCIrRP1w/m','2022-02-19 19:58:33.831000',FALSE,TRUE,0,FALSE,TRUE,'2022-02-19 19:58:33.762000','2022-02-19 19:58:33.762000','System.User',NULL,562949953422114)
INSERT INTO "system$userroles" VALUES(562949953422114,4222124650659843)
INSERT INTO "system$user_language" VALUES(562949953422114,11821949021847553)
COMMIT
DELETE FROM "system$user" WHERE "id"=562949953422114
INSERT INTO "system$user" VALUES(562949953422114,'Anonymous_4477b675-018e-4f3d-bfe3-bcd3b6889d37','{BCrypt}$2a$10$/pvsAy9nmgz50w.2WCTgYOaTOuSbZll1xicap4oVhiCCCIrRP1w/m','2022-02-19 19:58:33.837000',FALSE,TRUE,0,FALSE,TRUE,'2022-02-19 19:58:33.762000','2022-02-19 19:58:33.762000','System.User',NULL,562949953422114)
COMMIT
INSERT INTO "system$session" VALUES(10696049115005730,'c571c9e9-2b74-443b-9d20-70ae56437fd3','ffa83525-9b81-4706-9df8-288b3066bd17','2022-02-19 19:58:33.846000',FALSE,'18852c0c-5a97-4b7e-a165-79cadee02cbf',NULL,'2022-02-19 19:58:33.846000')
INSERT INTO "system$session_user" VALUES(10696049115005730,562949953422114)
COMMIT
DELETE FROM "system$session" WHERE "id"=10696049115005730
INSERT INTO "system$session" VALUES(10696049115005730,'c571c9e9-2b74-443b-9d20-70ae56437fd3','ffa83525-9b81-4706-9df8-288b3066bd17','2022-02-19 19:58:33.849000',FALSE,'18852c0c-5a97-4b7e-a165-79cadee02cbf',NULL,'2022-02-19 19:58:33.846000')
COMMIT
/*C9*/SET SCHEMA PUBLIC
DELETE FROM "mendixsystem$entityidentifier" WHERE "id"='cdae7f43-e54a-4429-b2c6-1367630e2581'
INSERT INTO "mendixsystem$entityidentifier" VALUES('cdae7f43-e54a-4429-b2c6-1367630e2581',25,501)
COMMIT
/*C4*/SET SCHEMA PUBLIC
DELETE FROM "system$session" WHERE "id"=10696049115005730
INSERT INTO "system$session" VALUES(10696049115005730,'c571c9e9-2b74-443b-9d20-70ae56437fd3','ffa83525-9b81-4706-9df8-288b3066bd17','2022-02-19 19:58:35.028000',FALSE,'18852c0c-5a97-4b7e-a165-79cadee02cbf',NULL,'2022-02-19 19:58:33.846000')
COMMIT
/*C6*/SET SCHEMA PUBLIC
DELETE FROM "system$xasinstance" WHERE "id"=1125899906843425
INSERT INTO "system$xasinstance" VALUES(1125899906843425,'9fe85777-5423-488f-8569-6cdbfe403fa1','2022-02-19 20:03:05.748000',NULL,NULL,NULL,'2022-02-19 19:58:04.103000')
COMMIT
/*C10*/DISCONNECT
/*C2*/DELETE FROM "system$xasinstance" WHERE "id"=1125899906843425
INSERT INTO "system$xasinstance" VALUES(1125899906843425,'9fe85777-5423-488f-8569-6cdbfe403fa1','2022-02-19 20:08:05.759000',NULL,NULL,NULL,'2022-02-19 19:58:04.103000')
COMMIT
/*C8*/SET SCHEMA PUBLIC
DISCONNECT
/*C9*/DISCONNECT
/*C7*/DELETE FROM "system$xasinstance" WHERE "id"=1125899906843425
INSERT INTO "system$xasinstance" VALUES(1125899906843425,'9fe85777-5423-488f-8569-6cdbfe403fa1','2022-02-19 20:13:05.773000',NULL,NULL,NULL,'2022-02-19 19:58:04.103000')
COMMIT
/*C3*/DELETE FROM "system$user" WHERE "id"=562949953422114
DELETE FROM "system$userroles" WHERE "system$userid"=562949953422114 AND "system$userroleid"=4222124650659843
DELETE FROM "system$user_language" WHERE "system$userid"=562949953422114 AND "system$languageid"=11821949021847553
DELETE FROM "system$session_user" WHERE "system$sessionid"=10696049115005730 AND "system$userid"=562949953422114
COMMIT
DELETE FROM "system$session" WHERE "id"=10696049115005730
COMMIT
/*C4*/DISCONNECT
/*C6*/DELETE FROM "system$xasinstance" WHERE "id"=1125899906843425
INSERT INTO "system$xasinstance" VALUES(1125899906843425,'9fe85777-5423-488f-8569-6cdbfe403fa1','2022-02-19 20:18:05.790000',NULL,NULL,NULL,'2022-02-19 19:58:04.103000')
COMMIT
/*C7*/DISCONNECT
/*C6*/DELETE FROM "system$xasinstance" WHERE "id"=1125899906843425
INSERT INTO "system$xasinstance" VALUES(1125899906843425,'9fe85777-5423-488f-8569-6cdbfe403fa1','2022-02-19 20:23:05.808000',NULL,NULL,NULL,'2022-02-19 19:58:04.103000')
COMMIT
/*C11*/SET SCHEMA PUBLIC
DELETE FROM "system$xasinstance" WHERE "id"=1125899906843425
INSERT INTO "system$xasinstance" VALUES(1125899906843425,'9fe85777-5423-488f-8569-6cdbfe403fa1','2022-02-19 20:28:05.820000',NULL,NULL,NULL,'2022-02-19 19:58:04.103000')
COMMIT
/*C6*/DELETE FROM "system$xasinstance" WHERE "id"=1125899906843425
INSERT INTO "system$xasinstance" VALUES(1125899906843425,'9fe85777-5423-488f-8569-6cdbfe403fa1','2022-02-19 20:33:05.826000',NULL,NULL,NULL,'2022-02-19 19:58:04.103000')
COMMIT
/*C2*/DELETE FROM "system$xasinstance" WHERE "id"=1125899906843425
INSERT INTO "system$xasinstance" VALUES(1125899906843425,'9fe85777-5423-488f-8569-6cdbfe403fa1','2022-02-19 20:38:05.835000',NULL,NULL,NULL,'2022-02-19 19:58:04.103000')
COMMIT
/*C6*/DELETE FROM "system$xasinstance" WHERE "id"=1125899906843425
INSERT INTO "system$xasinstance" VALUES(1125899906843425,'9fe85777-5423-488f-8569-6cdbfe403fa1','2022-02-19 20:43:05.841000',NULL,NULL,NULL,'2022-02-19 19:58:04.103000')
COMMIT
/*C11*/DELETE FROM "system$xasinstance" WHERE "id"=1125899906843425
INSERT INTO "system$xasinstance" VALUES(1125899906843425,'9fe85777-5423-488f-8569-6cdbfe403fa1','2022-02-19 20:48:05.847000',NULL,NULL,NULL,'2022-02-19 19:58:04.103000')
COMMIT
/*C5*/SET SCHEMA PUBLIC
DELETE FROM "system$xasinstance" WHERE "id"=1125899906843425
INSERT INTO "system$xasinstance" VALUES(1125899906843425,'9fe85777-5423-488f-8569-6cdbfe403fa1','2022-02-19 20:53:05.851000',NULL,NULL,NULL,'2022-02-19 19:58:04.103000')
COMMIT
/*C3*/DISCONNECT
/*C5*/DELETE FROM "system$xasinstance" WHERE "id"=1125899906843425
INSERT INTO "system$xasinstance" VALUES(1125899906843425,'9fe85777-5423-488f-8569-6cdbfe403fa1','2022-02-19 20:58:05.868000',NULL,NULL,NULL,'2022-02-19 19:58:04.103000')
COMMIT
/*C2*/DELETE FROM "system$xasinstance" WHERE "id"=1125899906843425
INSERT INTO "system$xasinstance" VALUES(1125899906843425,'9fe85777-5423-488f-8569-6cdbfe403fa1','2022-02-19 21:03:05.874000',NULL,NULL,NULL,'2022-02-19 19:58:04.103000')
COMMIT
/*C5*/DELETE FROM "system$xasinstance" WHERE "id"=1125899906843425
INSERT INTO "system$xasinstance" VALUES(1125899906843425,'9fe85777-5423-488f-8569-6cdbfe403fa1','2022-02-19 21:08:05.885000',NULL,NULL,NULL,'2022-02-19 19:58:04.103000')
COMMIT
/*C11*/DELETE FROM "system$xasinstance" WHERE "id"=1125899906843425
INSERT INTO "system$xasinstance" VALUES(1125899906843425,'9fe85777-5423-488f-8569-6cdbfe403fa1','2022-02-19 21:13:05.893000',NULL,NULL,NULL,'2022-02-19 19:58:04.103000')
COMMIT
/*C2*/DELETE FROM "system$xasinstance" WHERE "id"=1125899906843425
INSERT INTO "system$xasinstance" VALUES(1125899906843425,'9fe85777-5423-488f-8569-6cdbfe403fa1','2022-02-19 21:18:05.905000',NULL,NULL,NULL,'2022-02-19 19:58:04.103000')
COMMIT
/*C6*/DELETE FROM "system$xasinstance" WHERE "id"=1125899906843425
INSERT INTO "system$xasinstance" VALUES(1125899906843425,'9fe85777-5423-488f-8569-6cdbfe403fa1','2022-02-19 21:23:05.918000',NULL,NULL,NULL,'2022-02-19 19:58:04.103000')
COMMIT
/*C2*/DISCONNECT
/*C5*/DELETE FROM "system$xasinstance" WHERE "id"=1125899906843425
INSERT INTO "system$xasinstance" VALUES(1125899906843425,'9fe85777-5423-488f-8569-6cdbfe403fa1','2022-02-19 21:28:05.933000',NULL,NULL,NULL,'2022-02-19 19:58:04.103000')
COMMIT
DELETE FROM "system$xasinstance" WHERE "id"=1125899906843425
INSERT INTO "system$xasinstance" VALUES(1125899906843425,'9fe85777-5423-488f-8569-6cdbfe403fa1','2022-02-19 21:33:05.936000',NULL,NULL,NULL,'2022-02-19 19:58:04.103000')
COMMIT
/*C11*/DISCONNECT
/*C6*/DELETE FROM "system$xasinstance" WHERE "id"=1125899906843425
INSERT INTO "system$xasinstance" VALUES(1125899906843425,'9fe85777-5423-488f-8569-6cdbfe403fa1','2022-02-19 21:38:05.953000',NULL,NULL,NULL,'2022-02-19 19:58:04.103000')
COMMIT
INSERT INTO "system$user" VALUES(562949953422115,'Anonymous_a6e78943-3e08-4b6e-b3e3-8124ff31c13c','{BCrypt}$2a$10$1Sx2K0yeUWqPd2Vkcvj3Ducg4dSDH3lsTdDLefmB5mqIhXNOgZCeK','2022-02-19 21:43:05.550000',FALSE,TRUE,0,FALSE,TRUE,'2022-02-19 21:43:05.484000','2022-02-19 21:43:05.484000','System.User',NULL,562949953422115)
INSERT INTO "system$userroles" VALUES(562949953422115,4222124650659843)
INSERT INTO "system$user_language" VALUES(562949953422115,11821949021847553)
COMMIT
DELETE FROM "system$user" WHERE "id"=562949953422115
INSERT INTO "system$user" VALUES(562949953422115,'Anonymous_a6e78943-3e08-4b6e-b3e3-8124ff31c13c','{BCrypt}$2a$10$1Sx2K0yeUWqPd2Vkcvj3Ducg4dSDH3lsTdDLefmB5mqIhXNOgZCeK','2022-02-19 21:43:05.555000',FALSE,TRUE,0,FALSE,TRUE,'2022-02-19 21:43:05.484000','2022-02-19 21:43:05.484000','System.User',NULL,562949953422115)
COMMIT
/*C5*/INSERT INTO "system$session" VALUES(10696049115005731,'e3641556-3ed0-404f-9f38-bc83663d2b5b','0134000e-ab25-456f-acac-1afa44ff9dc4','2022-02-19 21:43:05.562000',FALSE,'aee37ce1-6587-45c9-81ca-b7fbe7e271c5',NULL,'2022-02-19 21:43:05.562000')
INSERT INTO "system$session_user" VALUES(10696049115005731,562949953422115)
COMMIT
DELETE FROM "system$session" WHERE "id"=10696049115005731
INSERT INTO "system$session" VALUES(10696049115005731,'e3641556-3ed0-404f-9f38-bc83663d2b5b','0134000e-ab25-456f-acac-1afa44ff9dc4','2022-02-19 21:43:05.564000',FALSE,'aee37ce1-6587-45c9-81ca-b7fbe7e271c5',NULL,'2022-02-19 21:43:05.562000')
COMMIT
/*C12*/SET SCHEMA PUBLIC
DELETE FROM "system$xasinstance" WHERE "id"=1125899906843425
INSERT INTO "system$xasinstance" VALUES(1125899906843425,'9fe85777-5423-488f-8569-6cdbfe403fa1','2022-02-19 21:43:05.960000',NULL,NULL,NULL,'2022-02-19 19:58:04.103000')
COMMIT
/*C5*/DELETE FROM "mendixsystem$entityidentifier" WHERE "id"='3078a23e-13b2-4a9b-84e4-2881fdee53c6'
INSERT INTO "mendixsystem$entityidentifier" VALUES('3078a23e-13b2-4a9b-84e4-2881fdee53c6',18,301)
COMMIT
/*C12*/DELETE FROM "system$session" WHERE "id"=10696049115005731
INSERT INTO "system$session" VALUES(10696049115005731,'e3641556-3ed0-404f-9f38-bc83663d2b5b','0134000e-ab25-456f-acac-1afa44ff9dc4','2022-02-19 21:43:33.121000',FALSE,'aee37ce1-6587-45c9-81ca-b7fbe7e271c5',NULL,'2022-02-19 21:43:05.562000')
COMMIT
/*C5*/DELETE FROM "system$xasinstance" WHERE "id"=1125899906843425
INSERT INTO "system$xasinstance" VALUES(1125899906843425,'9fe85777-5423-488f-8569-6cdbfe403fa1','2022-02-19 21:48:05.972000',NULL,NULL,NULL,'2022-02-19 19:58:04.103000')
COMMIT
/*C12*/DELETE FROM "system$session" WHERE "id"=10696049115005731
INSERT INTO "system$session" VALUES(10696049115005731,'e3641556-3ed0-404f-9f38-bc83663d2b5b','0134000e-ab25-456f-acac-1afa44ff9dc4','2022-02-19 21:48:06.826000',FALSE,'aee37ce1-6587-45c9-81ca-b7fbe7e271c5',NULL,'2022-02-19 21:43:05.562000')
COMMIT
/*C6*/DISCONNECT
/*C13*/SET SCHEMA PUBLIC
DELETE FROM "system$xasinstance" WHERE "id"=1125899906843425
INSERT INTO "system$xasinstance" VALUES(1125899906843425,'9fe85777-5423-488f-8569-6cdbfe403fa1','2022-02-19 21:53:05.984000',NULL,NULL,NULL,'2022-02-19 19:58:04.103000')
COMMIT
/*C12*/DELETE FROM "system$session" WHERE "id"=10696049115005731
INSERT INTO "system$session" VALUES(10696049115005731,'e3641556-3ed0-404f-9f38-bc83663d2b5b','0134000e-ab25-456f-acac-1afa44ff9dc4','2022-02-19 21:53:06.795000',FALSE,'aee37ce1-6587-45c9-81ca-b7fbe7e271c5',NULL,'2022-02-19 21:43:05.562000')
COMMIT
/*C5*/DELETE FROM "system$xasinstance" WHERE "id"=1125899906843425
INSERT INTO "system$xasinstance" VALUES(1125899906843425,'9fe85777-5423-488f-8569-6cdbfe403fa1','2022-02-19 21:58:06.002000',NULL,NULL,NULL,'2022-02-19 19:58:04.103000')
COMMIT
/*C12*/DELETE FROM "system$session" WHERE "id"=10696049115005731
INSERT INTO "system$session" VALUES(10696049115005731,'e3641556-3ed0-404f-9f38-bc83663d2b5b','0134000e-ab25-456f-acac-1afa44ff9dc4','2022-02-19 21:58:06.801000',FALSE,'aee37ce1-6587-45c9-81ca-b7fbe7e271c5',NULL,'2022-02-19 21:43:05.562000')
COMMIT
/*C13*/DELETE FROM "system$xasinstance" WHERE "id"=1125899906843425
INSERT INTO "system$xasinstance" VALUES(1125899906843425,'9fe85777-5423-488f-8569-6cdbfe403fa1','2022-02-19 22:03:06.009000',NULL,NULL,NULL,'2022-02-19 19:58:04.103000')
COMMIT
/*C12*/DELETE FROM "system$session" WHERE "id"=10696049115005731
INSERT INTO "system$session" VALUES(10696049115005731,'e3641556-3ed0-404f-9f38-bc83663d2b5b','0134000e-ab25-456f-acac-1afa44ff9dc4','2022-02-19 22:03:06.791000',FALSE,'aee37ce1-6587-45c9-81ca-b7fbe7e271c5',NULL,'2022-02-19 21:43:05.562000')
COMMIT
/*C14*/SET SCHEMA PUBLIC
DELETE FROM "system$xasinstance" WHERE "id"=1125899906843425
INSERT INTO "system$xasinstance" VALUES(1125899906843425,'9fe85777-5423-488f-8569-6cdbfe403fa1','2022-02-19 22:08:06.016000',NULL,NULL,NULL,'2022-02-19 19:58:04.103000')
COMMIT
/*C12*/DELETE FROM "system$session" WHERE "id"=10696049115005731
INSERT INTO "system$session" VALUES(10696049115005731,'e3641556-3ed0-404f-9f38-bc83663d2b5b','0134000e-ab25-456f-acac-1afa44ff9dc4','2022-02-19 22:08:36.796000',FALSE,'aee37ce1-6587-45c9-81ca-b7fbe7e271c5',NULL,'2022-02-19 21:43:05.562000')
COMMIT
/*C5*/DISCONNECT
/*C14*/DELETE FROM "system$xasinstance" WHERE "id"=1125899906843425
INSERT INTO "system$xasinstance" VALUES(1125899906843425,'9fe85777-5423-488f-8569-6cdbfe403fa1','2022-02-19 22:13:06.022000',NULL,NULL,NULL,'2022-02-19 19:58:04.103000')
COMMIT
/*C15*/SET SCHEMA PUBLIC
DELETE FROM "system$session" WHERE "id"=10696049115005731
INSERT INTO "system$session" VALUES(10696049115005731,'e3641556-3ed0-404f-9f38-bc83663d2b5b','0134000e-ab25-456f-acac-1afa44ff9dc4','2022-02-19 22:13:36.803000',FALSE,'aee37ce1-6587-45c9-81ca-b7fbe7e271c5',NULL,'2022-02-19 21:43:05.562000')
COMMIT
/*C13*/DISCONNECT
/*C14*/DELETE FROM "system$xasinstance" WHERE "id"=1125899906843425
INSERT INTO "system$xasinstance" VALUES(1125899906843425,'9fe85777-5423-488f-8569-6cdbfe403fa1','2022-02-19 22:18:06.036000',NULL,NULL,NULL,'2022-02-19 19:58:04.103000')
COMMIT
DELETE FROM "system$session" WHERE "id"=10696049115005731
INSERT INTO "system$session" VALUES(10696049115005731,'e3641556-3ed0-404f-9f38-bc83663d2b5b','0134000e-ab25-456f-acac-1afa44ff9dc4','2022-02-19 22:18:36.798000',FALSE,'aee37ce1-6587-45c9-81ca-b7fbe7e271c5',NULL,'2022-02-19 21:43:05.562000')
COMMIT
DELETE FROM "system$xasinstance" WHERE "id"=1125899906843425
INSERT INTO "system$xasinstance" VALUES(1125899906843425,'9fe85777-5423-488f-8569-6cdbfe403fa1','2022-02-19 22:23:06.040000',NULL,NULL,NULL,'2022-02-19 19:58:04.103000')
COMMIT
/*C12*/DELETE FROM "system$session" WHERE "id"=10696049115005731
INSERT INTO "system$session" VALUES(10696049115005731,'e3641556-3ed0-404f-9f38-bc83663d2b5b','0134000e-ab25-456f-acac-1afa44ff9dc4','2022-02-19 22:23:36.789000',FALSE,'aee37ce1-6587-45c9-81ca-b7fbe7e271c5',NULL,'2022-02-19 21:43:05.562000')
COMMIT
/*C15*/DELETE FROM "system$xasinstance" WHERE "id"=1125899906843425
INSERT INTO "system$xasinstance" VALUES(1125899906843425,'9fe85777-5423-488f-8569-6cdbfe403fa1','2022-02-19 22:28:06.043000',NULL,NULL,NULL,'2022-02-19 19:58:04.103000')
COMMIT
/*C12*/DELETE FROM "system$session" WHERE "id"=10696049115005731
INSERT INTO "system$session" VALUES(10696049115005731,'e3641556-3ed0-404f-9f38-bc83663d2b5b','0134000e-ab25-456f-acac-1afa44ff9dc4','2022-02-19 22:28:36.790000',FALSE,'aee37ce1-6587-45c9-81ca-b7fbe7e271c5',NULL,'2022-02-19 21:43:05.562000')
COMMIT
DELETE FROM "system$xasinstance" WHERE "id"=1125899906843425
INSERT INTO "system$xasinstance" VALUES(1125899906843425,'9fe85777-5423-488f-8569-6cdbfe403fa1','2022-02-19 22:33:06.056000',NULL,NULL,NULL,'2022-02-19 19:58:04.103000')
COMMIT
/*C15*/DELETE FROM "system$session" WHERE "id"=10696049115005731
INSERT INTO "system$session" VALUES(10696049115005731,'e3641556-3ed0-404f-9f38-bc83663d2b5b','0134000e-ab25-456f-acac-1afa44ff9dc4','2022-02-19 22:33:36.806000',FALSE,'aee37ce1-6587-45c9-81ca-b7fbe7e271c5',NULL,'2022-02-19 21:43:05.562000')
COMMIT
/*C16*/SET SCHEMA PUBLIC
DELETE FROM "system$xasinstance" WHERE "id"=1125899906843425
INSERT INTO "system$xasinstance" VALUES(1125899906843425,'9fe85777-5423-488f-8569-6cdbfe403fa1','2022-02-19 22:38:06.067000',NULL,NULL,NULL,'2022-02-19 19:58:04.103000')
COMMIT
/*C15*/DELETE FROM "system$session" WHERE "id"=10696049115005731
INSERT INTO "system$session" VALUES(10696049115005731,'e3641556-3ed0-404f-9f38-bc83663d2b5b','0134000e-ab25-456f-acac-1afa44ff9dc4','2022-02-19 22:38:36.798000',FALSE,'aee37ce1-6587-45c9-81ca-b7fbe7e271c5',NULL,'2022-02-19 21:43:05.562000')
COMMIT
/*C14*/DISCONNECT
/*C15*/DELETE FROM "system$xasinstance" WHERE "id"=1125899906843425
INSERT INTO "system$xasinstance" VALUES(1125899906843425,'9fe85777-5423-488f-8569-6cdbfe403fa1','2022-02-19 22:43:06.082000',NULL,NULL,NULL,'2022-02-19 19:58:04.103000')
COMMIT
/*C12*/DELETE FROM "system$session" WHERE "id"=10696049115005731
INSERT INTO "system$session" VALUES(10696049115005731,'e3641556-3ed0-404f-9f38-bc83663d2b5b','0134000e-ab25-456f-acac-1afa44ff9dc4','2022-02-19 22:43:36.793000',FALSE,'aee37ce1-6587-45c9-81ca-b7fbe7e271c5',NULL,'2022-02-19 21:43:05.562000')
COMMIT
/*C16*/DELETE FROM "system$xasinstance" WHERE "id"=1125899906843425
INSERT INTO "system$xasinstance" VALUES(1125899906843425,'9fe85777-5423-488f-8569-6cdbfe403fa1','2022-02-19 22:48:06.086000',NULL,NULL,NULL,'2022-02-19 19:58:04.103000')
COMMIT
DELETE FROM "system$session" WHERE "id"=10696049115005731
INSERT INTO "system$session" VALUES(10696049115005731,'e3641556-3ed0-404f-9f38-bc83663d2b5b','0134000e-ab25-456f-acac-1afa44ff9dc4','2022-02-19 22:48:36.796000',FALSE,'aee37ce1-6587-45c9-81ca-b7fbe7e271c5',NULL,'2022-02-19 21:43:05.562000')
COMMIT
/*C12*/DELETE FROM "system$xasinstance" WHERE "id"=1125899906843425
INSERT INTO "system$xasinstance" VALUES(1125899906843425,'9fe85777-5423-488f-8569-6cdbfe403fa1','2022-02-19 22:53:06.091000',NULL,NULL,NULL,'2022-02-19 19:58:04.103000')
COMMIT
DELETE FROM "system$session" WHERE "id"=10696049115005731
INSERT INTO "system$session" VALUES(10696049115005731,'e3641556-3ed0-404f-9f38-bc83663d2b5b','0134000e-ab25-456f-acac-1afa44ff9dc4','2022-02-19 22:53:06.798000',FALSE,'aee37ce1-6587-45c9-81ca-b7fbe7e271c5',NULL,'2022-02-19 21:43:05.562000')
COMMIT
/*C16*/DELETE FROM "system$xasinstance" WHERE "id"=1125899906843425
INSERT INTO "system$xasinstance" VALUES(1125899906843425,'9fe85777-5423-488f-8569-6cdbfe403fa1','2022-02-19 22:58:06.103000',NULL,NULL,NULL,'2022-02-19 19:58:04.103000')
COMMIT
/*C12*/DELETE FROM "system$session" WHERE "id"=10696049115005731
INSERT INTO "system$session" VALUES(10696049115005731,'e3641556-3ed0-404f-9f38-bc83663d2b5b','0134000e-ab25-456f-acac-1afa44ff9dc4','2022-02-19 22:58:36.804000',FALSE,'aee37ce1-6587-45c9-81ca-b7fbe7e271c5',NULL,'2022-02-19 21:43:05.562000')
COMMIT
DELETE FROM "system$xasinstance" WHERE "id"=1125899906843425
INSERT INTO "system$xasinstance" VALUES(1125899906843425,'9fe85777-5423-488f-8569-6cdbfe403fa1','2022-02-19 23:03:06.115000',NULL,NULL,NULL,'2022-02-19 19:58:04.103000')
COMMIT
/*C16*/DELETE FROM "system$session" WHERE "id"=10696049115005731
INSERT INTO "system$session" VALUES(10696049115005731,'e3641556-3ed0-404f-9f38-bc83663d2b5b','0134000e-ab25-456f-acac-1afa44ff9dc4','2022-02-19 23:03:36.796000',FALSE,'aee37ce1-6587-45c9-81ca-b7fbe7e271c5',NULL,'2022-02-19 21:43:05.562000')
COMMIT
/*C15*/DELETE FROM "system$xasinstance" WHERE "id"=1125899906843425
INSERT INTO "system$xasinstance" VALUES(1125899906843425,'9fe85777-5423-488f-8569-6cdbfe403fa1','2022-02-19 23:08:06.122000',NULL,NULL,NULL,'2022-02-19 19:58:04.103000')
COMMIT
/*C12*/DELETE FROM "system$session" WHERE "id"=10696049115005731
INSERT INTO "system$session" VALUES(10696049115005731,'e3641556-3ed0-404f-9f38-bc83663d2b5b','0134000e-ab25-456f-acac-1afa44ff9dc4','2022-02-19 23:08:36.791000',FALSE,'aee37ce1-6587-45c9-81ca-b7fbe7e271c5',NULL,'2022-02-19 21:43:05.562000')
COMMIT
/*C15*/DELETE FROM "system$xasinstance" WHERE "id"=1125899906843425
INSERT INTO "system$xasinstance" VALUES(1125899906843425,'9fe85777-5423-488f-8569-6cdbfe403fa1','2022-02-19 23:13:06.126000',NULL,NULL,NULL,'2022-02-19 19:58:04.103000')
COMMIT
DELETE FROM "system$session" WHERE "id"=10696049115005731
INSERT INTO "system$session" VALUES(10696049115005731,'e3641556-3ed0-404f-9f38-bc83663d2b5b','0134000e-ab25-456f-acac-1afa44ff9dc4','2022-02-19 23:13:36.802000',FALSE,'aee37ce1-6587-45c9-81ca-b7fbe7e271c5',NULL,'2022-02-19 21:43:05.562000')
COMMIT
/*C16*/DELETE FROM "system$xasinstance" WHERE "id"=1125899906843425
INSERT INTO "system$xasinstance" VALUES(1125899906843425,'9fe85777-5423-488f-8569-6cdbfe403fa1','2022-02-19 23:18:06.141000',NULL,NULL,NULL,'2022-02-19 19:58:04.103000')
COMMIT
/*C15*/DELETE FROM "system$session" WHERE "id"=10696049115005731
INSERT INTO "system$session" VALUES(10696049115005731,'e3641556-3ed0-404f-9f38-bc83663d2b5b','0134000e-ab25-456f-acac-1afa44ff9dc4','2022-02-19 23:18:36.804000',FALSE,'aee37ce1-6587-45c9-81ca-b7fbe7e271c5',NULL,'2022-02-19 21:43:05.562000')
COMMIT
/*C12*/DELETE FROM "system$xasinstance" WHERE "id"=1125899906843425
INSERT INTO "system$xasinstance" VALUES(1125899906843425,'9fe85777-5423-488f-8569-6cdbfe403fa1','2022-02-19 23:23:06.144000',NULL,NULL,NULL,'2022-02-19 19:58:04.103000')
COMMIT
/*C16*/DELETE FROM "system$session" WHERE "id"=10696049115005731
INSERT INTO "system$session" VALUES(10696049115005731,'e3641556-3ed0-404f-9f38-bc83663d2b5b','0134000e-ab25-456f-acac-1afa44ff9dc4','2022-02-19 23:23:36.801000',FALSE,'aee37ce1-6587-45c9-81ca-b7fbe7e271c5',NULL,'2022-02-19 21:43:05.562000')
COMMIT
DELETE FROM "system$xasinstance" WHERE "id"=1125899906843425
INSERT INTO "system$xasinstance" VALUES(1125899906843425,'9fe85777-5423-488f-8569-6cdbfe403fa1','2022-02-19 23:28:06.147000',NULL,NULL,NULL,'2022-02-19 19:58:04.103000')
COMMIT
DELETE FROM "system$session" WHERE "id"=10696049115005731
INSERT INTO "system$session" VALUES(10696049115005731,'e3641556-3ed0-404f-9f38-bc83663d2b5b','0134000e-ab25-456f-acac-1afa44ff9dc4','2022-02-19 23:28:36.795000',FALSE,'aee37ce1-6587-45c9-81ca-b7fbe7e271c5',NULL,'2022-02-19 21:43:05.562000')
COMMIT
/*C15*/DISCONNECT
/*C12*/DELETE FROM "system$xasinstance" WHERE "id"=1125899906843425
INSERT INTO "system$xasinstance" VALUES(1125899906843425,'9fe85777-5423-488f-8569-6cdbfe403fa1','2022-02-19 23:33:06.160000',NULL,NULL,NULL,'2022-02-19 19:58:04.103000')
COMMIT
/*C16*/DELETE FROM "system$session" WHERE "id"=10696049115005731
INSERT INTO "system$session" VALUES(10696049115005731,'e3641556-3ed0-404f-9f38-bc83663d2b5b','0134000e-ab25-456f-acac-1afa44ff9dc4','2022-02-19 23:33:36.791000',FALSE,'aee37ce1-6587-45c9-81ca-b7fbe7e271c5',NULL,'2022-02-19 21:43:05.562000')
COMMIT
/*C12*/DELETE FROM "system$xasinstance" WHERE "id"=1125899906843425
INSERT INTO "system$xasinstance" VALUES(1125899906843425,'9fe85777-5423-488f-8569-6cdbfe403fa1','2022-02-19 23:38:06.164000',NULL,NULL,NULL,'2022-02-19 19:58:04.103000')
COMMIT
/*C17*/SET SCHEMA PUBLIC
DELETE FROM "system$session" WHERE "id"=10696049115005731
INSERT INTO "system$session" VALUES(10696049115005731,'e3641556-3ed0-404f-9f38-bc83663d2b5b','0134000e-ab25-456f-acac-1afa44ff9dc4','2022-02-19 23:38:36.799000',FALSE,'aee37ce1-6587-45c9-81ca-b7fbe7e271c5',NULL,'2022-02-19 21:43:05.562000')
COMMIT
/*C12*/DELETE FROM "system$xasinstance" WHERE "id"=1125899906843425
INSERT INTO "system$xasinstance" VALUES(1125899906843425,'9fe85777-5423-488f-8569-6cdbfe403fa1','2022-02-19 23:43:06.179000',NULL,NULL,NULL,'2022-02-19 19:58:04.103000')
COMMIT
/*C16*/DELETE FROM "system$session" WHERE "id"=10696049115005731
INSERT INTO "system$session" VALUES(10696049115005731,'e3641556-3ed0-404f-9f38-bc83663d2b5b','0134000e-ab25-456f-acac-1afa44ff9dc4','2022-02-19 23:43:36.791000',FALSE,'aee37ce1-6587-45c9-81ca-b7fbe7e271c5',NULL,'2022-02-19 21:43:05.562000')
COMMIT
DELETE FROM "system$xasinstance" WHERE "id"=1125899906843425
INSERT INTO "system$xasinstance" VALUES(1125899906843425,'9fe85777-5423-488f-8569-6cdbfe403fa1','2022-02-19 23:48:06.196000',NULL,NULL,NULL,'2022-02-19 19:58:04.103000')
COMMIT
/*C17*/DELETE FROM "system$session" WHERE "id"=10696049115005731
INSERT INTO "system$session" VALUES(10696049115005731,'e3641556-3ed0-404f-9f38-bc83663d2b5b','0134000e-ab25-456f-acac-1afa44ff9dc4','2022-02-19 23:48:36.799000',FALSE,'aee37ce1-6587-45c9-81ca-b7fbe7e271c5',NULL,'2022-02-19 21:43:05.562000')
COMMIT
DELETE FROM "system$xasinstance" WHERE "id"=1125899906843425
INSERT INTO "system$xasinstance" VALUES(1125899906843425,'9fe85777-5423-488f-8569-6cdbfe403fa1','2022-02-19 23:53:06.198000',NULL,NULL,NULL,'2022-02-19 19:58:04.103000')
COMMIT
/*C12*/DELETE FROM "system$session" WHERE "id"=10696049115005731
INSERT INTO "system$session" VALUES(10696049115005731,'e3641556-3ed0-404f-9f38-bc83663d2b5b','0134000e-ab25-456f-acac-1afa44ff9dc4','2022-02-19 23:53:36.808000',FALSE,'aee37ce1-6587-45c9-81ca-b7fbe7e271c5',NULL,'2022-02-19 21:43:05.562000')
COMMIT
